
2025-03-10 10:21:39,430:INFO:Emission table refreshed.
2025-03-10 10:21:39,736:INFO:Emission table refreshed.
2025-03-10 10:21:40,913:INFO:Emission table refreshed.
2025-03-10 10:21:41,129:INFO:Emission table refreshed.
2025-03-10 10:21:41,307:INFO:Emission table refreshed.
2025-03-10 10:21:41,476:INFO:Emission table refreshed.
2025-03-10 10:21:41,669:INFO:Emission table refreshed.
2025-03-10 10:21:41,854:INFO:Emission table refreshed.
2025-03-10 10:21:42,055:INFO:Emission table refreshed.
2025-03-10 10:21:42,217:INFO:Emission table refreshed.
2025-03-10 10:21:42,394:INFO:Emission table refreshed.
2025-03-10 10:21:42,547:INFO:Emission table refreshed.
2025-03-10 10:21:42,731:INFO:Emission table refreshed.
2025-03-10 10:21:42,893:INFO:Emission table refreshed.
2025-03-10 10:21:43,054:INFO:Emission table refreshed.
2025-03-10 10:21:43,200:INFO:Emission table refreshed.
2025-03-10 10:21:43,360:INFO:Emission table refreshed.
2025-03-10 10:21:50,581:ERROR:Error calculating total: could not convert string to float: ''
2025-03-10 10:22:11,276:INFO:Document uploaded: {'unique_code': 'Unit-1_10_03_2025_Diesel_Fuel', 'file_path': 'c:\\Users\\HP\\Desktop\\Learning\\Web Devlopment\\Phase1\\CarbonData\\Unit-1\\2025\\03_March\\Unit-1_10_03_2025_Diesel_Fuel.png', 'upload_date_time': '2025-03-10 10:22:11', 'uploader': 'manager@gmail.com', 'role': 'Manager', 'unit_name': 'Unit-1', 'upload_date': '2025-03-10', 'emission_name': 'Diesel', 'emission_type': 'Fuel', 'file_status': 'Pending', 'version': 1}
2025-03-10 10:22:15,823:INFO:Document uploaded: {'unique_code': 'Unit-1_10_03_2025_Petrol_Fuel', 'file_path': 'c:\\Users\\HP\\Desktop\\Learning\\Web Devlopment\\Phase1\\CarbonData\\Unit-1\\2025\\03_March\\Unit-1_10_03_2025_Petrol_Fuel.png', 'upload_date_time': '2025-03-10 10:22:15', 'uploader': 'manager@gmail.com', 'role': 'Manager', 'unit_name': 'Unit-1', 'upload_date': '2025-03-10', 'emission_name': 'Petrol', 'emission_type': 'Fuel', 'file_status': 'Pending', 'version': 1}
2025-03-10 10:22:21,776:INFO:Document uploaded: {'unique_code': 'Unit-1_10_03_2025_PNG_Fuel', 'file_path': 'c:\\Users\\HP\\Desktop\\Learning\\Web Devlopment\\Phase1\\CarbonData\\Unit-1\\2025\\03_March\\Unit-1_10_03_2025_PNG_Fuel.png', 'upload_date_time': '2025-03-10 10:22:21', 'uploader': 'manager@gmail.com', 'role': 'Manager', 'unit_name': 'Unit-1', 'upload_date': '2025-03-10', 'emission_name': 'PNG', 'emission_type': 'Fuel', 'file_status': 'Pending', 'version': 1}
2025-03-10 10:22:25,836:INFO:Document uploaded: {'unique_code': 'Unit-1_10_03_2025_LPG_Fuel', 'file_path': 'c:\\Users\\HP\\Desktop\\Learning\\Web Devlopment\\Phase1\\CarbonData\\Unit-1\\2025\\03_March\\Unit-1_10_03_2025_LPG_Fuel.png', 'upload_date_time': '2025-03-10 10:22:25', 'uploader': 'manager@gmail.com', 'role': 'Manager', 'unit_name': 'Unit-1', 'upload_date': '2025-03-10', 'emission_name': 'LPG', 'emission_type': 'Fuel', 'file_status': 'Pending', 'version': 1}
2025-03-10 10:22:30,144:INFO:Document uploaded: {'unique_code': 'Unit-1_10_03_2025_R-22_Refrigerants', 'file_path': 'c:\\Users\\HP\\Desktop\\Learning\\Web Devlopment\\Phase1\\CarbonData\\Unit-1\\2025\\03_March\\Unit-1_10_03_2025_R-22_Refrigerants.png', 'upload_date_time': '2025-03-10 10:22:30', 'uploader': 'manager@gmail.com', 'role': 'Manager', 'unit_name': 'Unit-1', 'upload_date': '2025-03-10', 'emission_name': 'R-22', 'emission_type': 'Refrigerants', 'file_status': 'Pending', 'version': 1}
2025-03-10 10:22:34,041:INFO:Document uploaded: {'unique_code': 'Unit-1_10_03_2025_R-410A_Refrigerants', 'file_path': 'c:\\Users\\HP\\Desktop\\Learning\\Web Devlopment\\Phase1\\CarbonData\\Unit-1\\2025\\03_March\\Unit-1_10_03_2025_R-410A_Refrigerants.png', 'upload_date_time': '2025-03-10 10:22:34', 'uploader': 'manager@gmail.com', 'role': 'Manager', 'unit_name': 'Unit-1', 'upload_date': '2025-03-10', 'emission_name': 'R-410A', 'emission_type': 'Refrigerants', 'file_status': 'Pending', 'version': 1}
2025-03-10 10:22:41,023:INFO:Document uploaded: {'unique_code': 'Unit-1_10_03_2025_Electricity_Electricity', 'file_path': 'c:\\Users\\HP\\Desktop\\Learning\\Web Devlopment\\Phase1\\CarbonData\\Unit-1\\2025\\03_March\\Unit-1_10_03_2025_Electricity_Electricity.png', 'upload_date_time': '2025-03-10 10:22:41', 'uploader': 'manager@gmail.com', 'role': 'Manager', 'unit_name': 'Unit-1', 'upload_date': '2025-03-10', 'emission_name': 'Electricity', 'emission_type': 'Electricity', 'file_status': 'Pending', 'version': 1}
2025-03-10 10:22:44,008:INFO:Emission records saved to disk.
2025-03-10 10:22:44,010:INFO:Data submitted for user manager@gmail.com: [('manager@gmail.com', '2025-03-10', 'January', 'Unit-1', 'Fuel', 'Diesel', '2.54603', '545', '1387.59', 'c:\\Users\\HP\\Desktop\\Learning\\Web Devlopment\\Phase1\\CarbonData\\Unit-1\\2025\\03_March\\Unit-1_10_03_2025_Diesel_Fuel.png', 36), ('manager@gmail.com', '2025-03-10', 'January', 'Unit-1', 'Fuel', 'Petrol', '2.296', '323', '741.61', 'c:\\Users\\HP\\Desktop\\Learning\\Web Devlopment\\Phase1\\CarbonData\\Unit-1\\2025\\03_March\\Unit-1_10_03_2025_Petrol_Fuel.png', 37), ('manager@gmail.com', '2025-03-10', 'January', 'Unit-1', 'Fuel', 'PNG', '2.02266', '234', '473.30', 'c:\\Users\\HP\\Desktop\\Learning\\Web Devlopment\\Phase1\\CarbonData\\Unit-1\\2025\\03_March\\Unit-1_10_03_2025_PNG_Fuel.png', 38), ('manager@gmail.com', '2025-03-10', 'January', 'Unit-1', 'Fuel', 'LPG', '1.55537', '12', '18.66', 'c:\\Users\\HP\\Desktop\\Learning\\Web Devlopment\\Phase1\\CarbonData\\Unit-1\\2025\\03_March\\Unit-1_10_03_2025_LPG_Fuel.png', 39), ('manager@gmail.com', '2025-03-10', 'January', 'Unit-1', 'Refrigerants', 'R-22', '1810', '23', '41630.00', 'c:\\Users\\HP\\Desktop\\Learning\\Web Devlopment\\Phase1\\CarbonData\\Unit-1\\2025\\03_March\\Unit-1_10_03_2025_R-22_Refrigerants.png', 40), ('manager@gmail.com', '2025-03-10', 'January', 'Unit-1', 'Refrigerants', 'R-410A', '2088', '34', '70992.00', 'c:\\Users\\HP\\Desktop\\Learning\\Web Devlopment\\Phase1\\CarbonData\\Unit-1\\2025\\03_March\\Unit-1_10_03_2025_R-410A_Refrigerants.png', 41), ('manager@gmail.com', '2025-03-10', 'January', 'Unit-1', 'Electricity', 'Electricity', '0.6727', '2134', '1435.54', 'c:\\Users\\HP\\Desktop\\Learning\\Web Devlopment\\Phase1\\CarbonData\\Unit-1\\2025\\03_March\\Unit-1_10_03_2025_Electricity_Electricity.png', 42)]
2025-03-10 10:22:45,220:ERROR:Error calculating total: could not convert string to float: ''
2025-03-10 10:22:45,221:ERROR:Error calculating total: could not convert string to float: ''
2025-03-10 10:22:45,221:ERROR:Error calculating total: could not convert string to float: ''
2025-03-10 10:22:45,221:ERROR:Error calculating total: could not convert string to float: ''
2025-03-10 10:22:45,221:ERROR:Error calculating total: could not convert string to float: ''
2025-03-10 10:22:45,222:ERROR:Error calculating total: could not convert string to float: ''
2025-03-10 10:22:45,222:ERROR:Error calculating total: could not convert string to float: ''
2025-03-10 10:22:45,222:INFO:Emission table refreshed.
2025-03-10 10:22:48,251:INFO:Emission table refreshed.
2025-03-10 10:24:39,140:ERROR:Error calculating total: could not convert string to float: ''
2025-03-10 10:24:39,141:ERROR:Error calculating total: could not convert string to float: ''
2025-03-10 10:24:39,141:ERROR:Error calculating total: could not convert string to float: ''
2025-03-10 10:24:39,141:ERROR:Error calculating total: could not convert string to float: ''
2025-03-10 10:24:39,141:ERROR:Error calculating total: could not convert string to float: ''
2025-03-10 10:24:39,141:ERROR:Error calculating total: could not convert string to float: ''
2025-03-10 10:24:39,141:ERROR:Error calculating total: could not convert string to float: ''
2025-03-10 10:24:52,009:INFO:Document uploaded: {'unique_code': 'Unit-2_10_03_2025_Diesel_Fuel', 'file_path': 'c:\\Users\\HP\\Desktop\\Learning\\Web Devlopment\\Phase1\\CarbonData\\Unit-2\\2025\\03_March\\Unit-2_10_03_2025_Diesel_Fuel.png', 'upload_date_time': '2025-03-10 10:24:52', 'uploader': 'manager@gmail.com', 'role': 'Manager', 'unit_name': 'Unit-2', 'upload_date': '2025-03-10', 'emission_name': 'Diesel', 'emission_type': 'Fuel', 'file_status': 'Pending', 'version': 1}
2025-03-10 10:24:58,054:INFO:Document uploaded: {'unique_code': 'Unit-2_10_03_2025_Diesel_Fuel', 'file_path': 'c:\\Users\\HP\\Desktop\\Learning\\Web Devlopment\\Phase1\\CarbonData\\Unit-2\\2025\\03_March\\Unit-2_10_03_2025_Diesel_Fuel_v2.png', 'upload_date_time': '2025-03-10 10:24:58', 'uploader': 'manager@gmail.com', 'role': 'Manager', 'unit_name': 'Unit-2', 'upload_date': '2025-03-10', 'emission_name': 'Diesel', 'emission_type': 'Fuel', 'file_status': 'Pending', 'version': 2}
2025-03-10 10:25:01,997:INFO:Document uploaded: {'unique_code': 'Unit-2_10_03_2025_Petrol_Fuel', 'file_path': 'c:\\Users\\HP\\Desktop\\Learning\\Web Devlopment\\Phase1\\CarbonData\\Unit-2\\2025\\03_March\\Unit-2_10_03_2025_Petrol_Fuel.png', 'upload_date_time': '2025-03-10 10:25:01', 'uploader': 'manager@gmail.com', 'role': 'Manager', 'unit_name': 'Unit-2', 'upload_date': '2025-03-10', 'emission_name': 'Petrol', 'emission_type': 'Fuel', 'file_status': 'Pending', 'version': 1}
2025-03-10 10:25:05,962:INFO:Document uploaded: {'unique_code': 'Unit-2_10_03_2025_PNG_Fuel', 'file_path': 'c:\\Users\\HP\\Desktop\\Learning\\Web Devlopment\\Phase1\\CarbonData\\Unit-2\\2025\\03_March\\Unit-2_10_03_2025_PNG_Fuel.png', 'upload_date_time': '2025-03-10 10:25:05', 'uploader': 'manager@gmail.com', 'role': 'Manager', 'unit_name': 'Unit-2', 'upload_date': '2025-03-10', 'emission_name': 'PNG', 'emission_type': 'Fuel', 'file_status': 'Pending', 'version': 1}
2025-03-10 10:25:10,473:INFO:Document uploaded: {'unique_code': 'Unit-2_10_03_2025_PNG_Fuel', 'file_path': 'c:\\Users\\HP\\Desktop\\Learning\\Web Devlopment\\Phase1\\CarbonData\\Unit-2\\2025\\03_March\\Unit-2_10_03_2025_PNG_Fuel_v2.png', 'upload_date_time': '2025-03-10 10:25:10', 'uploader': 'manager@gmail.com', 'role': 'Manager', 'unit_name': 'Unit-2', 'upload_date': '2025-03-10', 'emission_name': 'PNG', 'emission_type': 'Fuel', 'file_status': 'Pending', 'version': 2}
2025-03-10 10:25:13,910:INFO:Document uploaded: {'unique_code': 'Unit-2_10_03_2025_LPG_Fuel', 'file_path': 'c:\\Users\\HP\\Desktop\\Learning\\Web Devlopment\\Phase1\\CarbonData\\Unit-2\\2025\\03_March\\Unit-2_10_03_2025_LPG_Fuel.png', 'upload_date_time': '2025-03-10 10:25:13', 'uploader': 'manager@gmail.com', 'role': 'Manager', 'unit_name': 'Unit-2', 'upload_date': '2025-03-10', 'emission_name': 'LPG', 'emission_type': 'Fuel', 'file_status': 'Pending', 'version': 1}
2025-03-10 10:25:17,629:INFO:Document uploaded: {'unique_code': 'Unit-2_10_03_2025_R-22_Refrigerants', 'file_path': 'c:\\Users\\HP\\Desktop\\Learning\\Web Devlopment\\Phase1\\CarbonData\\Unit-2\\2025\\03_March\\Unit-2_10_03_2025_R-22_Refrigerants.png', 'upload_date_time': '2025-03-10 10:25:17', 'uploader': 'manager@gmail.com', 'role': 'Manager', 'unit_name': 'Unit-2', 'upload_date': '2025-03-10', 'emission_name': 'R-22', 'emission_type': 'Refrigerants', 'file_status': 'Pending', 'version': 1}
2025-03-10 10:25:21,269:INFO:Document uploaded: {'unique_code': 'Unit-2_10_03_2025_R-410A_Refrigerants', 'file_path': 'c:\\Users\\HP\\Desktop\\Learning\\Web Devlopment\\Phase1\\CarbonData\\Unit-2\\2025\\03_March\\Unit-2_10_03_2025_R-410A_Refrigerants.png', 'upload_date_time': '2025-03-10 10:25:21', 'uploader': 'manager@gmail.com', 'role': 'Manager', 'unit_name': 'Unit-2', 'upload_date': '2025-03-10', 'emission_name': 'R-410A', 'emission_type': 'Refrigerants', 'file_status': 'Pending', 'version': 1}
2025-03-10 10:25:28,510:INFO:Document uploaded: {'unique_code': 'Unit-2_10_03_2025_Electricity_Electricity', 'file_path': 'c:\\Users\\HP\\Desktop\\Learning\\Web Devlopment\\Phase1\\CarbonData\\Unit-2\\2025\\03_March\\Unit-2_10_03_2025_Electricity_Electricity.png', 'upload_date_time': '2025-03-10 10:25:28', 'uploader': 'manager@gmail.com', 'role': 'Manager', 'unit_name': 'Unit-2', 'upload_date': '2025-03-10', 'emission_name': 'Electricity', 'emission_type': 'Electricity', 'file_status': 'Pending', 'version': 1}
2025-03-10 10:26:24,779:INFO:Emission records saved to disk.
2025-03-10 10:26:24,779:INFO:Data submitted for user manager@gmail.com: [('manager@gmail.com', '2025-03-10', 'January', 'Unit-2', 'Fuel', 'Diesel', '2.54603', '122', '310.62', 'c:\\Users\\HP\\Desktop\\Learning\\Web Devlopment\\Phase1\\CarbonData\\Unit-2\\2025\\03_March\\Unit-2_10_03_2025_Diesel_Fuel_v2.png', 43), ('manager@gmail.com', '2025-03-10', 'January', 'Unit-2', 'Fuel', 'Petrol', '2.296', '121', '277.82', 'c:\\Users\\HP\\Desktop\\Learning\\Web Devlopment\\Phase1\\CarbonData\\Unit-2\\2025\\03_March\\Unit-2_10_03_2025_Petrol_Fuel.png', 44), ('manager@gmail.com', '2025-03-10', 'January', 'Unit-2', 'Fuel', 'PNG', '2.02266', '323', '653.32', 'c:\\Users\\HP\\Desktop\\Learning\\Web Devlopment\\Phase1\\CarbonData\\Unit-2\\2025\\03_March\\Unit-2_10_03_2025_PNG_Fuel_v2.png', 45), ('manager@gmail.com', '2025-03-10', 'January', 'Unit-2', 'Fuel', 'LPG', '1.55537', '122', '189.76', 'c:\\Users\\HP\\Desktop\\Learning\\Web Devlopment\\Phase1\\CarbonData\\Unit-2\\2025\\03_March\\Unit-2_10_03_2025_LPG_Fuel.png', 46), ('manager@gmail.com', '2025-03-10', 'January', 'Unit-2', 'Refrigerants', 'R-22', '1810', '323', '584630.00', 'c:\\Users\\HP\\Desktop\\Learning\\Web Devlopment\\Phase1\\CarbonData\\Unit-2\\2025\\03_March\\Unit-2_10_03_2025_R-22_Refrigerants.png', 47), ('manager@gmail.com', '2025-03-10', 'January', 'Unit-2', 'Refrigerants', 'R-410A', '2088', '556', '1160928.00', 'c:\\Users\\HP\\Desktop\\Learning\\Web Devlopment\\Phase1\\CarbonData\\Unit-2\\2025\\03_March\\Unit-2_10_03_2025_R-410A_Refrigerants.png', 48), ('manager@gmail.com', '2025-03-10', 'January', 'Unit-2', 'Electricity', 'Electricity', '0.6727', '56', '37.67', 'c:\\Users\\HP\\Desktop\\Learning\\Web Devlopment\\Phase1\\CarbonData\\Unit-2\\2025\\03_March\\Unit-2_10_03_2025_Electricity_Electricity.png', 49)]
2025-03-10 10:26:25,836:ERROR:Error calculating total: could not convert string to float: ''
2025-03-10 10:26:25,837:ERROR:Error calculating total: could not convert string to float: ''
2025-03-10 10:26:25,837:ERROR:Error calculating total: could not convert string to float: ''
2025-03-10 10:26:25,838:ERROR:Error calculating total: could not convert string to float: ''
2025-03-10 10:26:25,839:ERROR:Error calculating total: could not convert string to float: ''
2025-03-10 10:26:25,839:ERROR:Error calculating total: could not convert string to float: ''
2025-03-10 10:26:25,840:ERROR:Error calculating total: could not convert string to float: ''
2025-03-10 10:26:25,841:INFO:Emission table refreshed.
2025-03-10 10:26:31,273:ERROR:Error calculating total: could not convert string to float: ''
2025-03-10 10:26:31,273:ERROR:Error calculating total: could not convert string to float: ''
2025-03-10 10:26:31,273:ERROR:Error calculating total: could not convert string to float: ''
2025-03-10 10:26:31,273:ERROR:Error calculating total: could not convert string to float: ''
2025-03-10 10:26:31,273:ERROR:Error calculating total: could not convert string to float: ''
2025-03-10 10:26:31,273:ERROR:Error calculating total: could not convert string to float: ''
2025-03-10 10:26:31,273:ERROR:Error calculating total: could not convert string to float: ''
2025-03-10 10:26:40,744:INFO:Document uploaded: {'unique_code': 'Unit-3_10_03_2025_Diesel_Fuel', 'file_path': 'c:\\Users\\HP\\Desktop\\Learning\\Web Devlopment\\Phase1\\CarbonData\\Unit-3\\2025\\03_March\\Unit-3_10_03_2025_Diesel_Fuel.png', 'upload_date_time': '2025-03-10 10:26:40', 'uploader': 'manager@gmail.com', 'role': 'Manager', 'unit_name': 'Unit-3', 'upload_date': '2025-03-10', 'emission_name': 'Diesel', 'emission_type': 'Fuel', 'file_status': 'Pending', 'version': 1}
2025-03-10 10:26:47,677:INFO:Document uploaded: {'unique_code': 'Unit-3_10_03_2025_Petrol_Fuel', 'file_path': 'c:\\Users\\HP\\Desktop\\Learning\\Web Devlopment\\Phase1\\CarbonData\\Unit-3\\2025\\03_March\\Unit-3_10_03_2025_Petrol_Fuel.png', 'upload_date_time': '2025-03-10 10:26:47', 'uploader': 'manager@gmail.com', 'role': 'Manager', 'unit_name': 'Unit-3', 'upload_date': '2025-03-10', 'emission_name': 'Petrol', 'emission_type': 'Fuel', 'file_status': 'Pending', 'version': 1}
2025-03-10 10:26:56,151:INFO:Document uploaded: {'unique_code': 'Unit-3_10_03_2025_PNG_Fuel', 'file_path': 'c:\\Users\\HP\\Desktop\\Learning\\Web Devlopment\\Phase1\\CarbonData\\Unit-3\\2025\\03_March\\Unit-3_10_03_2025_PNG_Fuel.png', 'upload_date_time': '2025-03-10 10:26:56', 'uploader': 'manager@gmail.com', 'role': 'Manager', 'unit_name': 'Unit-3', 'upload_date': '2025-03-10', 'emission_name': 'PNG', 'emission_type': 'Fuel', 'file_status': 'Pending', 'version': 1}
2025-03-10 10:26:59,582:INFO:Document uploaded: {'unique_code': 'Unit-3_10_03_2025_R-22_Refrigerants', 'file_path': 'c:\\Users\\HP\\Desktop\\Learning\\Web Devlopment\\Phase1\\CarbonData\\Unit-3\\2025\\03_March\\Unit-3_10_03_2025_R-22_Refrigerants.png', 'upload_date_time': '2025-03-10 10:26:59', 'uploader': 'manager@gmail.com', 'role': 'Manager', 'unit_name': 'Unit-3', 'upload_date': '2025-03-10', 'emission_name': 'R-22', 'emission_type': 'Refrigerants', 'file_status': 'Pending', 'version': 1}
2025-03-10 10:27:04,367:INFO:Emission records saved to disk.
2025-03-10 10:27:04,367:INFO:Data submitted for user manager@gmail.com: [('manager@gmail.com', '2025-03-10', 'January', 'Unit-3', 'Fuel', 'Diesel', '2.54603', '546', '1390.13', 'c:\\Users\\HP\\Desktop\\Learning\\Web Devlopment\\Phase1\\CarbonData\\Unit-3\\2025\\03_March\\Unit-3_10_03_2025_Diesel_Fuel.png', 50), ('manager@gmail.com', '2025-03-10', 'January', 'Unit-3', 'Fuel', 'Petrol', '2.296', '5434', '12476.46', 'c:\\Users\\HP\\Desktop\\Learning\\Web Devlopment\\Phase1\\CarbonData\\Unit-3\\2025\\03_March\\Unit-3_10_03_2025_Petrol_Fuel.png', 51), ('manager@gmail.com', '2025-03-10', 'January', 'Unit-3', 'Fuel', 'PNG', '2.02266', '23', '46.52', 'c:\\Users\\HP\\Desktop\\Learning\\Web Devlopment\\Phase1\\CarbonData\\Unit-3\\2025\\03_March\\Unit-3_10_03_2025_PNG_Fuel.png', 52), ('manager@gmail.com', '2025-03-10', 'January', 'Unit-3', 'Refrigerants', 'R-22', '1810', '324', '586440.00', 'c:\\Users\\HP\\Desktop\\Learning\\Web Devlopment\\Phase1\\CarbonData\\Unit-3\\2025\\03_March\\Unit-3_10_03_2025_R-22_Refrigerants.png', 53)]
2025-03-10 10:27:05,547:ERROR:Error calculating total: could not convert string to float: ''
2025-03-10 10:27:05,547:ERROR:Error calculating total: could not convert string to float: ''
2025-03-10 10:27:05,548:ERROR:Error calculating total: could not convert string to float: ''
2025-03-10 10:27:05,548:ERROR:Error calculating total: could not convert string to float: ''
2025-03-10 10:27:05,549:ERROR:Error calculating total: could not convert string to float: ''
2025-03-10 10:27:05,549:ERROR:Error calculating total: could not convert string to float: ''
2025-03-10 10:27:05,549:ERROR:Error calculating total: could not convert string to float: ''
2025-03-10 10:27:05,551:INFO:Emission table refreshed.
2025-03-10 10:27:08,682:INFO:Emission table refreshed.
2025-03-10 10:27:22,952:ERROR:Error calculating total: could not convert string to float: ''
2025-03-10 10:27:22,953:ERROR:Error calculating total: could not convert string to float: ''
2025-03-10 10:27:22,953:ERROR:Error calculating total: could not convert string to float: ''
2025-03-10 10:27:22,954:ERROR:Error calculating total: could not convert string to float: ''
2025-03-10 10:27:22,954:ERROR:Error calculating total: could not convert string to float: ''
2025-03-10 10:27:22,954:ERROR:Error calculating total: could not convert string to float: ''
2025-03-10 10:27:22,954:ERROR:Error calculating total: could not convert string to float: ''
2025-03-10 10:27:26,570:INFO:Document uploaded: {'unique_code': 'Unit-4_10_03_2025_Diesel_Fuel', 'file_path': 'c:\\Users\\HP\\Desktop\\Learning\\Web Devlopment\\Phase1\\CarbonData\\Unit-4\\2025\\03_March\\Unit-4_10_03_2025_Diesel_Fuel.png', 'upload_date_time': '2025-03-10 10:27:26', 'uploader': 'manager@gmail.com', 'role': 'Manager', 'unit_name': 'Unit-4', 'upload_date': '2025-03-10', 'emission_name': 'Diesel', 'emission_type': 'Fuel', 'file_status': 'Pending', 'version': 1}
2025-03-10 10:27:40,302:INFO:Document uploaded: {'unique_code': 'Unit-4_10_03_2025_Diesel_Fuel', 'file_path': 'c:\\Users\\HP\\Desktop\\Learning\\Web Devlopment\\Phase1\\CarbonData\\Unit-4\\2025\\03_March\\Unit-4_10_03_2025_Diesel_Fuel_v2.png', 'upload_date_time': '2025-03-10 10:27:40', 'uploader': 'manager@gmail.com', 'role': 'Manager', 'unit_name': 'Unit-4', 'upload_date': '2025-03-10', 'emission_name': 'Diesel', 'emission_type': 'Fuel', 'file_status': 'Pending', 'version': 2}
2025-03-10 10:27:44,487:INFO:Document uploaded: {'unique_code': 'Unit-4_10_03_2025_Petrol_Fuel', 'file_path': 'c:\\Users\\HP\\Desktop\\Learning\\Web Devlopment\\Phase1\\CarbonData\\Unit-4\\2025\\03_March\\Unit-4_10_03_2025_Petrol_Fuel.png', 'upload_date_time': '2025-03-10 10:27:44', 'uploader': 'manager@gmail.com', 'role': 'Manager', 'unit_name': 'Unit-4', 'upload_date': '2025-03-10', 'emission_name': 'Petrol', 'emission_type': 'Fuel', 'file_status': 'Pending', 'version': 1}
2025-03-10 10:27:48,959:INFO:Document uploaded: {'unique_code': 'Unit-4_10_03_2025_LPG_Fuel', 'file_path': 'c:\\Users\\HP\\Desktop\\Learning\\Web Devlopment\\Phase1\\CarbonData\\Unit-4\\2025\\03_March\\Unit-4_10_03_2025_LPG_Fuel.png', 'upload_date_time': '2025-03-10 10:27:48', 'uploader': 'manager@gmail.com', 'role': 'Manager', 'unit_name': 'Unit-4', 'upload_date': '2025-03-10', 'emission_name': 'LPG', 'emission_type': 'Fuel', 'file_status': 'Pending', 'version': 1}
2025-03-10 10:27:52,988:INFO:Document uploaded: {'unique_code': 'Unit-4_10_03_2025_R-22_Refrigerants', 'file_path': 'c:\\Users\\HP\\Desktop\\Learning\\Web Devlopment\\Phase1\\CarbonData\\Unit-4\\2025\\03_March\\Unit-4_10_03_2025_R-22_Refrigerants.png', 'upload_date_time': '2025-03-10 10:27:52', 'uploader': 'manager@gmail.com', 'role': 'Manager', 'unit_name': 'Unit-4', 'upload_date': '2025-03-10', 'emission_name': 'R-22', 'emission_type': 'Refrigerants', 'file_status': 'Pending', 'version': 1}
2025-03-10 10:27:56,604:INFO:Document uploaded: {'unique_code': 'Unit-4_10_03_2025_R-410A_Refrigerants', 'file_path': 'c:\\Users\\HP\\Desktop\\Learning\\Web Devlopment\\Phase1\\CarbonData\\Unit-4\\2025\\03_March\\Unit-4_10_03_2025_R-410A_Refrigerants.png', 'upload_date_time': '2025-03-10 10:27:56', 'uploader': 'manager@gmail.com', 'role': 'Manager', 'unit_name': 'Unit-4', 'upload_date': '2025-03-10', 'emission_name': 'R-410A', 'emission_type': 'Refrigerants', 'file_status': 'Pending', 'version': 1}
2025-03-10 10:28:00,535:INFO:Document uploaded: {'unique_code': 'Unit-4_10_03_2025_Electricity_Electricity', 'file_path': 'c:\\Users\\HP\\Desktop\\Learning\\Web Devlopment\\Phase1\\CarbonData\\Unit-4\\2025\\03_March\\Unit-4_10_03_2025_Electricity_Electricity.png', 'upload_date_time': '2025-03-10 10:28:00', 'uploader': 'manager@gmail.com', 'role': 'Manager', 'unit_name': 'Unit-4', 'upload_date': '2025-03-10', 'emission_name': 'Electricity', 'emission_type': 'Electricity', 'file_status': 'Pending', 'version': 1}
2025-03-10 10:28:09,666:INFO:Document uploaded: {'unique_code': 'Unit-4_10_03_2025_PNG_Fuel', 'file_path': 'c:\\Users\\HP\\Desktop\\Learning\\Web Devlopment\\Phase1\\CarbonData\\Unit-4\\2025\\03_March\\Unit-4_10_03_2025_PNG_Fuel.png', 'upload_date_time': '2025-03-10 10:28:09', 'uploader': 'manager@gmail.com', 'role': 'Manager', 'unit_name': 'Unit-4', 'upload_date': '2025-03-10', 'emission_name': 'PNG', 'emission_type': 'Fuel', 'file_status': 'Pending', 'version': 1}
2025-03-10 10:28:11,503:INFO:Emission records saved to disk.
2025-03-10 10:28:11,503:INFO:Data submitted for user manager@gmail.com: [('manager@gmail.com', '2025-03-10', 'January', 'Unit-4', 'Fuel', 'Diesel', '2.54603', '34', '86.57', 'c:\\Users\\HP\\Desktop\\Learning\\Web Devlopment\\Phase1\\CarbonData\\Unit-4\\2025\\03_March\\Unit-4_10_03_2025_Diesel_Fuel_v2.png', 54), ('manager@gmail.com', '2025-03-10', 'January', 'Unit-4', 'Fuel', 'Petrol', '2.296', '321', '737.02', 'c:\\Users\\HP\\Desktop\\Learning\\Web Devlopment\\Phase1\\CarbonData\\Unit-4\\2025\\03_March\\Unit-4_10_03_2025_Petrol_Fuel.png', 55), ('manager@gmail.com', '2025-03-10', 'January', 'Unit-4', 'Fuel', 'PNG', '2.02266', '98', '198.22', 'c:\\Users\\HP\\Desktop\\Learning\\Web Devlopment\\Phase1\\CarbonData\\Unit-4\\2025\\03_March\\Unit-4_10_03_2025_PNG_Fuel.png', 56), ('manager@gmail.com', '2025-03-10', 'January', 'Unit-4', 'Fuel', 'LPG', '1.55537', '878', '1365.61', 'c:\\Users\\HP\\Desktop\\Learning\\Web Devlopment\\Phase1\\CarbonData\\Unit-4\\2025\\03_March\\Unit-4_10_03_2025_LPG_Fuel.png', 57), ('manager@gmail.com', '2025-03-10', 'January', 'Unit-4', 'Refrigerants', 'R-22', '1810', '678', '1227180.00', 'c:\\Users\\HP\\Desktop\\Learning\\Web Devlopment\\Phase1\\CarbonData\\Unit-4\\2025\\03_March\\Unit-4_10_03_2025_R-22_Refrigerants.png', 58), ('manager@gmail.com', '2025-03-10', 'January', 'Unit-4', 'Refrigerants', 'R-410A', '2088', '67', '139896.00', 'c:\\Users\\HP\\Desktop\\Learning\\Web Devlopment\\Phase1\\CarbonData\\Unit-4\\2025\\03_March\\Unit-4_10_03_2025_R-410A_Refrigerants.png', 59), ('manager@gmail.com', '2025-03-10', 'January', 'Unit-4', 'Electricity', 'Electricity', '0.6727', '7678', '5164.99', 'c:\\Users\\HP\\Desktop\\Learning\\Web Devlopment\\Phase1\\CarbonData\\Unit-4\\2025\\03_March\\Unit-4_10_03_2025_Electricity_Electricity.png', 60)]
2025-03-10 10:28:13,599:ERROR:Error calculating total: could not convert string to float: ''
2025-03-10 10:28:13,600:ERROR:Error calculating total: could not convert string to float: ''
2025-03-10 10:28:13,601:ERROR:Error calculating total: could not convert string to float: ''
2025-03-10 10:28:13,602:ERROR:Error calculating total: could not convert string to float: ''
2025-03-10 10:28:13,602:ERROR:Error calculating total: could not convert string to float: ''
2025-03-10 10:28:13,604:ERROR:Error calculating total: could not convert string to float: ''
2025-03-10 10:28:13,607:ERROR:Error calculating total: could not convert string to float: ''
2025-03-10 10:28:13,609:INFO:Emission table refreshed.
2025-03-10 10:28:15,921:INFO:Emission table refreshed.
2025-03-10 10:29:22,588:INFO:Emission records saved to disk.
2025-03-10 10:29:22,588:INFO:Emission table refreshed.
2025-03-10 10:29:26,703:INFO:Emission table refreshed.
2025-03-10 10:41:14,499:INFO:Emission table refreshed.
2025-03-10 10:41:14,993:INFO:Emission table refreshed.
2025-03-10 10:41:15,155:INFO:Emission table refreshed.
2025-03-10 10:41:15,309:INFO:Emission table refreshed.
2025-03-10 10:41:15,460:INFO:Emission table refreshed.
2025-03-10 10:41:15,574:INFO:Emission table refreshed.
2025-03-10 10:41:15,863:INFO:Emission table refreshed.
2025-03-10 10:41:16,146:INFO:Emission table refreshed.
2025-03-10 10:41:16,308:INFO:Emission table refreshed.
2025-03-10 10:41:16,467:INFO:Emission table refreshed.
2025-03-10 10:41:16,627:INFO:Emission table refreshed.
2025-03-10 10:41:16,774:INFO:Emission table refreshed.
2025-03-10 10:41:16,910:INFO:Emission table refreshed.
2025-03-10 10:42:09,655:INFO:Emission table refreshed.
2025-03-10 10:42:09,656:ERROR:Error loading emission records: Expecting value: line 1 column 1 (char 0)
2025-03-10 10:42:27,969:INFO:User manager@gmail.com logged in successfully.
2025-03-10 10:42:32,079:INFO:Emission table refreshed.
2025-03-10 10:42:32,636:INFO:Emission table refreshed.
2025-03-10 10:42:32,805:INFO:Emission table refreshed.
2025-03-10 10:42:32,940:INFO:Emission table refreshed.
2025-03-10 10:44:42,372:INFO:Document uploaded: {'unique_code': 'Unit-1_10_03_2025_Diesel_Fuel', 'file_path': 'c:\\Users\\HP\\Desktop\\Learning\\Web Devlopment\\Phase1\\CarbonData\\Unit-1\\2025\\03_March\\Unit-1_10_03_2025_Diesel_Fuel_v2.png', 'upload_date_time': '2025-03-10 10:44:42', 'uploader': 'manager@gmail.com', 'role': 'Manager', 'unit_name': 'Unit-1', 'upload_date': '2025-03-10', 'emission_name': 'Diesel', 'emission_type': 'Fuel', 'file_status': 'Pending', 'version': 2}
2025-03-10 10:44:52,507:INFO:Document uploaded: {'unique_code': 'Unit-1_10_03_2025_PNG_Fuel', 'file_path': 'c:\\Users\\HP\\Desktop\\Learning\\Web Devlopment\\Phase1\\CarbonData\\Unit-1\\2025\\03_March\\Unit-1_10_03_2025_PNG_Fuel_v2.png', 'upload_date_time': '2025-03-10 10:44:52', 'uploader': 'manager@gmail.com', 'role': 'Manager', 'unit_name': 'Unit-1', 'upload_date': '2025-03-10', 'emission_name': 'PNG', 'emission_type': 'Fuel', 'file_status': 'Pending', 'version': 2}
2025-03-10 10:44:56,987:INFO:Document uploaded: {'unique_code': 'Unit-1_10_03_2025_LPG_Fuel', 'file_path': 'c:\\Users\\HP\\Desktop\\Learning\\Web Devlopment\\Phase1\\CarbonData\\Unit-1\\2025\\03_March\\Unit-1_10_03_2025_LPG_Fuel_v2.png', 'upload_date_time': '2025-03-10 10:44:56', 'uploader': 'manager@gmail.com', 'role': 'Manager', 'unit_name': 'Unit-1', 'upload_date': '2025-03-10', 'emission_name': 'LPG', 'emission_type': 'Fuel', 'file_status': 'Pending', 'version': 2}
2025-03-10 10:45:01,259:INFO:Document uploaded: {'unique_code': 'Unit-1_10_03_2025_R-22_Refrigerants', 'file_path': 'c:\\Users\\HP\\Desktop\\Learning\\Web Devlopment\\Phase1\\CarbonData\\Unit-1\\2025\\03_March\\Unit-1_10_03_2025_R-22_Refrigerants_v2.png', 'upload_date_time': '2025-03-10 10:45:01', 'uploader': 'manager@gmail.com', 'role': 'Manager', 'unit_name': 'Unit-1', 'upload_date': '2025-03-10', 'emission_name': 'R-22', 'emission_type': 'Refrigerants', 'file_status': 'Pending', 'version': 2}
2025-03-10 10:45:05,057:INFO:Document uploaded: {'unique_code': 'Unit-1_10_03_2025_R-410A_Refrigerants', 'file_path': 'c:\\Users\\HP\\Desktop\\Learning\\Web Devlopment\\Phase1\\CarbonData\\Unit-1\\2025\\03_March\\Unit-1_10_03_2025_R-410A_Refrigerants_v2.png', 'upload_date_time': '2025-03-10 10:45:05', 'uploader': 'manager@gmail.com', 'role': 'Manager', 'unit_name': 'Unit-1', 'upload_date': '2025-03-10', 'emission_name': 'R-410A', 'emission_type': 'Refrigerants', 'file_status': 'Pending', 'version': 2}
2025-03-10 10:45:11,897:INFO:Document uploaded: {'unique_code': 'Unit-1_10_03_2025_Electricity_Electricity', 'file_path': 'c:\\Users\\HP\\Desktop\\Learning\\Web Devlopment\\Phase1\\CarbonData\\Unit-1\\2025\\03_March\\Unit-1_10_03_2025_Electricity_Electricity_v2.png', 'upload_date_time': '2025-03-10 10:45:11', 'uploader': 'manager@gmail.com', 'role': 'Manager', 'unit_name': 'Unit-1', 'upload_date': '2025-03-10', 'emission_name': 'Electricity', 'emission_type': 'Electricity', 'file_status': 'Pending', 'version': 2}
2025-03-10 10:45:21,667:INFO:Document uploaded: {'unique_code': 'Unit-1_10_03_2025_Petrol_Fuel', 'file_path': 'c:\\Users\\HP\\Desktop\\Learning\\Web Devlopment\\Phase1\\CarbonData\\Unit-1\\2025\\03_March\\Unit-1_10_03_2025_Petrol_Fuel_v2.png', 'upload_date_time': '2025-03-10 10:45:21', 'uploader': 'manager@gmail.com', 'role': 'Manager', 'unit_name': 'Unit-1', 'upload_date': '2025-03-10', 'emission_name': 'Petrol', 'emission_type': 'Fuel', 'file_status': 'Pending', 'version': 2}
2025-03-10 10:45:25,751:INFO:Emission records saved to disk.
2025-03-10 10:45:25,753:INFO:Data submitted for user manager@gmail.com: [('manager@gmail.com', '2025-03-10', 'January', 'Unit-1', 'Fuel', 'Diesel', '2.54603', '34', '86.57', 'c:\\Users\\HP\\Desktop\\Learning\\Web Devlopment\\Phase1\\CarbonData\\Unit-1\\2025\\03_March\\Unit-1_10_03_2025_Diesel_Fuel_v2.png', 1), ('manager@gmail.com', '2025-03-10', 'January', 'Unit-1', 'Fuel', 'Petrol', '2.296', '232', '532.67', 'c:\\Users\\HP\\Desktop\\Learning\\Web Devlopment\\Phase1\\CarbonData\\Unit-1\\2025\\03_March\\Unit-1_10_03_2025_Petrol_Fuel_v2.png', 2), ('manager@gmail.com', '2025-03-10', 'January', 'Unit-1', 'Fuel', 'PNG', '2.02266', '12', '24.27', 'c:\\Users\\HP\\Desktop\\Learning\\Web Devlopment\\Phase1\\CarbonData\\Unit-1\\2025\\03_March\\Unit-1_10_03_2025_PNG_Fuel_v2.png', 3), ('manager@gmail.com', '2025-03-10', 'January', 'Unit-1', 'Fuel', 'LPG', '1.55537', '45', '69.99', 'c:\\Users\\HP\\Desktop\\Learning\\Web Devlopment\\Phase1\\CarbonData\\Unit-1\\2025\\03_March\\Unit-1_10_03_2025_LPG_Fuel_v2.png', 4), ('manager@gmail.com', '2025-03-10', 'January', 'Unit-1', 'Refrigerants', 'R-22', '1810', '434', '785540.00', 'c:\\Users\\HP\\Desktop\\Learning\\Web Devlopment\\Phase1\\CarbonData\\Unit-1\\2025\\03_March\\Unit-1_10_03_2025_R-22_Refrigerants_v2.png', 5), ('manager@gmail.com', '2025-03-10', 'January', 'Unit-1', 'Refrigerants', 'R-410A', '2088', '32', '66816.00', 'c:\\Users\\HP\\Desktop\\Learning\\Web Devlopment\\Phase1\\CarbonData\\Unit-1\\2025\\03_March\\Unit-1_10_03_2025_R-410A_Refrigerants_v2.png', 6), ('manager@gmail.com', '2025-03-10', 'January', 'Unit-1', 'Electricity', 'Electricity', '0.6727', '56', '37.67', 'c:\\Users\\HP\\Desktop\\Learning\\Web Devlopment\\Phase1\\CarbonData\\Unit-1\\2025\\03_March\\Unit-1_10_03_2025_Electricity_Electricity_v2.png', 7)]
2025-03-10 10:45:26,741:ERROR:Error calculating total: could not convert string to float: ''
2025-03-10 10:45:26,742:ERROR:Error calculating total: could not convert string to float: ''
2025-03-10 10:45:26,742:ERROR:Error calculating total: could not convert string to float: ''
2025-03-10 10:45:26,742:ERROR:Error calculating total: could not convert string to float: ''
2025-03-10 10:45:26,743:ERROR:Error calculating total: could not convert string to float: ''
2025-03-10 10:45:26,743:ERROR:Error calculating total: could not convert string to float: ''
2025-03-10 10:45:26,744:ERROR:Error calculating total: could not convert string to float: ''
2025-03-10 10:45:26,744:INFO:Emission table refreshed.
